2026/02/04 09:15:15 [DEBUG] Starting to scan equipment row with 30 columns
2026/02/04 09:15:15 [DEBUG] Successfully scanned equipment: REG-CAN-XR-005
2026/02/04 09:15:15 [DEBUG] Starting to scan equipment row with 30 columns
2026/02/04 09:15:15 [DEBUG] Successfully scanned equipment: REG-CAN-XR-009
2026/02/04 09:15:15 [DEBUG] Starting to scan equipment row with 30 columns
2026/02/04 09:15:15 [DEBUG] Successfully scanned equipment: REG-CAN-XR-008
2026/02/04 09:15:15 [DEBUG] Starting to scan equipment row with 30 columns
2026/02/04 09:15:15 [DEBUG] Successfully scanned equipment: REG-CAN-XR-007
2026/02/04 09:15:15 [DEBUG] Starting to scan equipment row with 30 columns
2026/02/04 09:15:15 [DEBUG] Successfully scanned equipment: REG-CAN-XR-004
2026/02/04 09:15:15 [DEBUG] Starting to scan equipment row with 30 columns
2026/02/04 09:15:15 [DEBUG] Successfully scanned equipment: REG-CAN-XR-003
2026/02/04 09:15:15 [DEBUG] Starting to scan equipment row with 30 columns
2026/02/04 09:15:15 [DEBUG] Successfully scanned equipment: REG-CAN-XR-001
2026/02/04 09:15:15 [DEBUG] Starting to scan equipment row with 30 columns
2026/02/04 09:15:15 [DEBUG] Successfully scanned equipment: REG-CAN-XR-002
2026/02/04 09:15:15 [DEBUG] Starting to scan equipment row with 30 columns
2026/02/04 09:15:15 [DEBUG] Successfully scanned equipment: REG-CAN-XR-006
2026/02/04 09:15:15 [DEBUG] Starting to scan equipment row with 30 columns
2026/02/04 09:15:15 [DEBUG] Successfully scanned equipment: REG-FMC-DLY-005
2026/02/04 09:15:15 [DEBUG] Starting to scan equipment row with 30 columns
2026/02/04 09:15:15 [DEBUG] Successfully scanned equipment: REG-FMC-DLY-003
2026/02/04 09:15:15 [DEBUG] Starting to scan equipment row with 30 columns
2026/02/04 09:15:15 [DEBUG] Successfully scanned equipment: REG-FMC-DLY-002
2026/02/04 09:15:15 [DEBUG] Starting to scan equipment row with 30 columns
2026/02/04 09:15:15 [DEBUG] Successfully scanned equipment: REG-FMC-DLY-001
2026/02/04 09:15:15 [DEBUG] Starting to scan equipment row with 30 columns
2026/02/04 09:15:15 [DEBUG] Successfully scanned equipment: REG-FMC-DLY-008
2026/02/04 09:15:15 [DEBUG] Starting to scan equipment row with 30 columns
2026/02/04 09:15:15 [DEBUG] Successfully scanned equipment: REG-FMC-DLY-007
2026/02/04 09:15:15 [DEBUG] Starting to scan equipment row with 30 columns
2026/02/04 09:15:15 [DEBUG] Successfully scanned equipment: REG-FMC-DLY-006
2026/02/04 09:15:15 [DEBUG] Starting to scan equipment row with 30 columns
2026/02/04 09:15:15 [DEBUG] Successfully scanned equipment: REG-FMC-DLY-004
2026/02/04 09:15:15 [DEBUG] Starting to scan equipment row with 30 columns
2026/02/04 09:15:15 [DEBUG] Successfully scanned equipment: REG-DRG-ANS-001
2026/02/04 09:15:15 [DEBUG] Starting to scan equipment row with 30 columns
2026/02/04 09:15:15 [DEBUG] Successfully scanned equipment: REG-DRG-VNT-001
2026/02/04 09:15:15 [DEBUG] Starting to scan equipment row with 30 columns
2026/02/04 09:15:15 [DEBUG] Successfully scanned equipment: REG-DRG-VNT-002
2026/02/04 09:15:15 [DEBUG] Starting to scan equipment row with 30 columns
2026/02/04 09:15:15 [DEBUG] Successfully scanned equipment: REG-DRG-VNT-003
2026/02/04 09:15:15 [DEBUG] Starting to scan equipment row with 30 columns
2026/02/04 09:15:15 [DEBUG] Successfully scanned equipment: REG-DRG-VNT-004
2026/02/04 09:15:15 [DEBUG] Starting to scan equipment row with 30 columns
2026/02/04 09:15:15 [DEBUG] Successfully scanned equipment: REG-DRG-VNT-005
2026/02/04 09:15:15 [DEBUG] Starting to scan equipment row with 30 columns
2026/02/04 09:15:15 [DEBUG] Successfully scanned equipment: REG-DRG-ANS-002
2026/02/04 09:15:15 [DEBUG] Starting to scan equipment row with 30 columns
2026/02/04 09:15:15 [DEBUG] Successfully scanned equipment: REG-DRG-ANS-003
2026/02/04 09:15:15 [DEBUG] Starting to scan equipment row with 30 columns
2026/02/04 09:15:15 [DEBUG] Successfully scanned equipment: REG-MDT-PM-001
2026/02/04 09:15:15 [DEBUG] Starting to scan equipment row with 30 columns
2026/02/04 09:15:15 [DEBUG] Successfully scanned equipment: REG-MDT-PM-006
2026/02/04 09:15:15 [DEBUG] Starting to scan equipment row with 30 columns
2026/02/04 09:15:15 [DEBUG] Successfully scanned equipment: REG-MDT-PM-003
2026/02/04 09:15:15 [DEBUG] Starting to scan equipment row with 30 columns
2026/02/04 09:15:15 [DEBUG] Successfully scanned equipment: REG-MDT-PM-007
2026/02/04 09:15:15 [DEBUG] Starting to scan equipment row with 30 columns
2026/02/04 09:15:15 [DEBUG] Successfully scanned equipment: REG-MDT-PM-008
2026/02/04 09:15:15 [DEBUG] Starting to scan equipment row with 30 columns
2026/02/04 09:15:15 [DEBUG] Successfully scanned equipment: REG-MDT-PM-002
2026/02/04 09:15:15 [DEBUG] Starting to scan equipment row with 30 columns
2026/02/04 09:15:15 [DEBUG] Successfully scanned equipment: REG-MDT-PM-004
2026/02/04 09:15:15 [DEBUG] Starting to scan equipment row with 30 columns
2026/02/04 09:15:15 [DEBUG] Successfully scanned equipment: REG-MDT-PM-005
2026/02/04 09:15:15 [DEBUG] Starting to scan equipment row with 30 columns
2026/02/04 09:15:15 [DEBUG] Successfully scanned equipment: REG-PHI-PM-002
2026/02/04 09:15:15 [DEBUG] Starting to scan equipment row with 30 columns
2026/02/04 09:15:15 [DEBUG] Successfully scanned equipment: REG-PHI-PM-005
2026/02/04 09:15:15 [DEBUG] Starting to scan equipment row with 30 columns
2026/02/04 09:15:15 [DEBUG] Successfully scanned equipment: REG-PHI-PM-004
2026/02/04 09:15:15 [DEBUG] Starting to scan equipment row with 30 columns
2026/02/04 09:15:15 [DEBUG] Successfully scanned equipment: REG-PHI-PM-003
2026/02/04 09:15:15 [DEBUG] Starting to scan equipment row with 30 columns
2026/02/04 09:15:15 [DEBUG] Successfully scanned equipment: REG-PHI-US-001
2026/02/04 09:15:15 [DEBUG] Starting to scan equipment row with 30 columns
2026/02/04 09:15:15 [DEBUG] Successfully scanned equipment: REG-PHI-MRI-001
2026/02/04 09:15:15 [DEBUG] Starting to scan equipment row with 30 columns
2026/02/04 09:15:15 [DEBUG] Successfully scanned equipment: REG-PHI-PM-001
2026/02/04 09:15:15 [DEBUG] Starting to scan equipment row with 30 columns
2026/02/04 09:15:15 [DEBUG] Successfully scanned equipment: REG-WGE-MRI-001
2026/02/04 09:15:15 [DEBUG] Starting to scan equipment row with 30 columns
2026/02/04 09:15:15 [DEBUG] Successfully scanned equipment: REG-WGE-US-003
2026/02/04 09:15:15 [DEBUG] Starting to scan equipment row with 30 columns
2026/02/04 09:15:15 [DEBUG] Successfully scanned equipment: REG-WGE-US-002
2026/02/04 09:15:15 [DEBUG] Starting to scan equipment row with 30 columns
2026/02/04 09:15:15 [DEBUG] Successfully scanned equipment: REG-WGE-US-001
2026/02/04 09:15:15 [DEBUG] Starting to scan equipment row with 30 columns
2026/02/04 09:15:15 [DEBUG] Successfully scanned equipment: REG-SIE-CT-002
2026/02/04 09:15:15 [DEBUG] Starting to scan equipment row with 30 columns
2026/02/04 09:15:15 [DEBUG] Successfully scanned equipment: REG-SIE-MRI-004
2026/02/04 09:15:15 [DEBUG] Starting to scan equipment row with 30 columns
2026/02/04 09:15:15 [DEBUG] Successfully scanned equipment: REG-SIE-MRI-003
2026/02/04 09:15:15 [DEBUG] Starting to scan equipment row with 30 columns
2026/02/04 09:15:15 [DEBUG] Successfully scanned equipment: REG-SIE-MRI-002
2026/02/04 09:15:15 [DEBUG] Starting to scan equipment row with 30 columns
2026/02/04 09:15:15 [DEBUG] Successfully scanned equipment: REG-SIE-XR-001
2026/02/04 09:15:15 [DEBUG] Starting to scan equipment row with 30 columns
2026/02/04 09:15:15 [DEBUG] Successfully scanned equipment: REG-SIE-CT-001
2026/02/04 09:15:15 [DEBUG] Starting to scan equipment row with 30 columns
2026/02/04 09:15:15 [DEBUG] Successfully scanned equipment: REG-INF-LITE-001
2026/02/04 09:15:15 [DEBUG] Starting to scan equipment row with 30 columns
2026/02/04 09:15:15 [DEBUG] Successfully scanned equipment: REG-XR-ALPHA-002
2026/02/04 09:15:15 [DEBUG] Starting to scan equipment row with 30 columns
2026/02/04 09:15:15 [DEBUG] Successfully scanned equipment: REG-XR-ALPHA-001
2026/02/04 09:15:15 [DEBUG] Starting to scan equipment row with 30 columns
2026/02/04 09:15:15 [DEBUG] Successfully scanned equipment: REG-MRI-VIDA-001
2026/02/04 09:15:15 [DEBUG] Starting to scan equipment row with 30 columns
2026/02/04 09:15:15 [DEBUG] Successfully scanned equipment: REG-MRI-VIDA-002
2026/02/04 09:15:15 [DEBUG] Starting to scan equipment row with 30 columns
2026/02/04 09:15:15 [DEBUG] Successfully scanned equipment: REG-MRI-SIGNA-001
2026/02/04 09:15:15 [DEBUG] Starting to scan equipment row with 30 columns
2026/02/04 09:15:15 [DEBUG] Successfully scanned equipment: REG-CT-NOVA-002
2026/02/04 09:15:15 [DEBUG] Starting to scan equipment row with 30 columns
2026/02/04 09:15:15 [DEBUG] Successfully scanned equipment: REG-CT-PHIL-001
2026/02/04 09:15:15 [DEBUG] Starting to scan equipment row with 30 columns
2026/02/04 09:15:15 [DEBUG] Successfully scanned equipment: REG-XR-CANON-001
2026/02/04 09:15:15 [DEBUG] Starting to scan equipment row with 30 columns
2026/02/04 09:15:15 [DEBUG] Successfully scanned equipment: REG-US-LOGIQ-001
2026/02/04 09:15:15 [DEBUG] Starting to scan equipment row with 30 columns
2026/02/04 09:15:15 [DEBUG] Successfully scanned equipment: REG-US-LOGIQ-002
2026/02/04 09:15:15 [DEBUG] Starting to scan equipment row with 30 columns
2026/02/04 09:15:15 [DEBUG] Successfully scanned equipment: REG-PM-VIS-001
2026/02/04 09:15:15 [DEBUG] Starting to scan equipment row with 30 columns
2026/02/04 09:15:15 [DEBUG] Successfully scanned equipment: REG-PM-VIS-002
2026/02/04 09:15:15 [DEBUG] Starting to scan equipment row with 30 columns
2026/02/04 09:15:15 [DEBUG] Successfully scanned equipment: REG-VENT-SAV-001
2026/02/04 09:15:15 [DEBUG] Starting to scan equipment row with 30 columns
2026/02/04 09:15:15 [DEBUG] Successfully scanned equipment: REG-VENT-SAV-002
2026/02/04 09:15:15 [DEBUG] Starting to scan equipment row with 30 columns
2026/02/04 09:15:15 [DEBUG] Successfully scanned equipment: REG-DIAL-FRES-001
2026/02/04 09:15:15 [DEBUG] Starting to scan equipment row with 30 columns
2026/02/04 09:15:15 [DEBUG] Successfully scanned equipment: REG-DIAL-FRES-002
2026/02/04 09:15:15 [DEBUG] Starting to scan equipment row with 30 columns
2026/02/04 09:15:15 [DEBUG] Successfully scanned equipment: REG-INF-LITE-002
2026/02/04 09:15:15 [DEBUG] Starting to scan equipment row with 30 columns
2026/02/04 09:15:15 [DEBUG] Successfully scanned equipment: REG-CT-NOVA-001
2026/02/04 09:15:15 [DEBUG] Starting to scan equipment row with 30 columns
2026/02/04 09:15:15 [DEBUG] Successfully scanned equipment: EQ-DEMO-0002
2026/02/04 09:15:15 [DEBUG] Starting to scan equipment row with 30 columns
2026/02/04 09:15:15 [DEBUG] Successfully scanned equipment: EQ-DEMO-0001
2026/02/04 09:15:15 [DEBUG] Starting to scan equipment row with 30 columns
2026/02/04 09:15:15 [DEBUG] Successfully scanned equipment: 347S6Gzmxeb1lQzGKeOi7nMYu0N
2026/02/04 09:15:15 [DEBUG] Starting to scan equipment row with 30 columns
2026/02/04 09:15:15 [DEBUG] Successfully scanned equipment: 347S6CxhID9V8CnhCZbnWUYdhUQ
2026/02/04 09:15:32 [DEBUG] Starting to scan equipment row with 30 columns
2026/02/04 09:15:32 [DEBUG] Successfully scanned equipment: REG-SIE-MRI-002
2026/02/04 09:15:32 [DEBUG] Starting to scan equipment row with 30 columns
2026/02/04 09:15:32 [DEBUG] Successfully scanned equipment: REG-SIE-MRI-003
2026/02/04 09:15:32 [DEBUG] Starting to scan equipment row with 30 columns
2026/02/04 09:15:32 [DEBUG] Successfully scanned equipment: REG-SIE-MRI-004
2026/02/04 09:15:32 [DEBUG] Starting to scan equipment row with 30 columns
2026/02/04 09:15:32 [DEBUG] Successfully scanned equipment: REG-SIE-CT-001
2026/02/04 09:15:32 [DEBUG] Starting to scan equipment row with 30 columns
2026/02/04 09:15:32 [DEBUG] Successfully scanned equipment: REG-SIE-CT-002
2026/02/04 09:15:32 [DEBUG] Starting to scan equipment row with 30 columns
2026/02/04 09:15:32 [DEBUG] Successfully scanned equipment: REG-SIE-XR-001
2026/02/04 09:15:32 [DEBUG] Starting to scan equipment row with 30 columns
2026/02/04 09:15:32 [DEBUG] Successfully scanned equipment: REG-MRI-VIDA-001
2026/02/04 09:15:32 [DEBUG] Starting to scan equipment row with 30 columns
2026/02/04 09:15:32 [DEBUG] Successfully scanned equipment: REG-MRI-VIDA-002
2026/02/04 09:15:32 [DEBUG] Starting to scan equipment row with 30 columns
2026/02/04 09:15:32 [DEBUG] Successfully scanned equipment: EQ-DEMO-0002
2026/02/04 09:15:32 [DEBUG] Starting to scan equipment row with 30 columns
2026/02/04 09:15:32 [DEBUG] Successfully scanned equipment: EQ-DEMO-0001
