 [33m[1m⚠[22m[39m You are using a non-standard "NODE_ENV" value in your environment. This creates inconsistencies in the project and is strongly advised against. Read more: https://nextjs.org/docs/messages/non-standard-node-env
 [31m[1m⨯[22m[39m ./src/app/globals.css
Module parse failed: Unexpected character '@' (1:0)
> @tailwind base;
| @tailwind components;
| @tailwind utilities;

Import trace for requested module:
./src/app/globals.css
./src/app/layout.tsx
 [31m[1m⨯[22m[39m ./src/app/globals.css
Module parse failed: Unexpected character '@' (1:0)
> @tailwind base;
| @tailwind components;
| @tailwind utilities;

Import trace for requested module:
./src/app/globals.css
./src/app/layout.tsx
<w> [webpack.cache.PackFileCacheStrategy] Restoring pack failed from C:\Users\birju\aby-med\admin-ui\.next\cache\webpack\client-development-fallback.pack.gz: Error: incorrect header check
<w> [webpack.cache.PackFileCacheStrategy] Restoring pack failed from C:\Users\birju\aby-med\admin-ui\.next\cache\webpack\client-development-fallback.pack.gz: Error: incorrect header check
 [31m[1m⨯[22m[39m ./src/app/globals.css
Module parse failed: Unexpected character '@' (1:0)
> @tailwind base;
| @tailwind components;
| @tailwind utilities;

Import trace for requested module:
./src/app/globals.css
./src/app/layout.tsx
<w> [webpack.cache.PackFileCacheStrategy] Caching failed for pack: Error: ENOENT: no such file or directory, rename 'C:\Users\birju\aby-med\admin-ui\.next\cache\webpack\client-development-fallback\0.pack.gz_' -> 'C:\Users\birju\aby-med\admin-ui\.next\cache\webpack\client-development-fallback\0.pack.gz'
